==19095== Memcheck, a memory error detector
==19095== Copyright (C) 2002-2017, and GNU GPL'd, by Julian Seward et al.
==19095== Using Valgrind-3.16.1 and LibVEX; rerun with -h for copyright info
==19095== Command: ./r_chars.sh
==19095== Parent PID: 18588
==19095== 
==19095== 
==19095== Process terminating with default action of signal 2 (SIGINT)
==19095==    at 0x48DB087: kill (syscall-template.S:120)
==19095==    by 0x184B65: ??? (in /usr/bin/bash)
==19095==    by 0x184CC2: termsig_handler (in /usr/bin/bash)
==19095==    by 0x165950: ??? (in /usr/bin/bash)
==19095==    by 0x1668D9: wait_for (in /usr/bin/bash)
==19095==    by 0x1524BD: execute_command_internal (in /usr/bin/bash)
==19095==    by 0x152CF4: execute_command (in /usr/bin/bash)
==19095==    by 0x1399DA: reader_loop (in /usr/bin/bash)
==19095==    by 0x138667: main (in /usr/bin/bash)
==19095== 
==19095== HEAP SUMMARY:
==19095==     in use at exit: 62,164 bytes in 705 blocks
==19095==   total heap usage: 966 allocs, 261 frees, 88,596 bytes allocated
==19095== 
==19095== LEAK SUMMARY:
==19095==    definitely lost: 0 bytes in 0 blocks
==19095==    indirectly lost: 0 bytes in 0 blocks
==19095==      possibly lost: 0 bytes in 0 blocks
==19095==    still reachable: 62,164 bytes in 705 blocks
==19095==         suppressed: 0 bytes in 0 blocks
==19095== Rerun with --leak-check=full to see details of leaked memory
==19095== 
==19095== For lists of detected and suppressed errors, rerun with: -s
==19095== ERROR SUMMARY: 0 errors from 0 contexts (suppressed: 0 from 0)
